
*** Running vivado
    with args -log advanced_circuits.vds -m64 -product Vivado -mode batch -messageDb vivado.pb -notrace -source advanced_circuits.tcl


****** Vivado v2017.4 (64-bit)
  **** SW Build 2086221 on Fri Dec 15 20:55:39 MST 2017
  **** IP Build 2085800 on Fri Dec 15 22:25:07 MST 2017
    ** Copyright 1986-2017 Xilinx, Inc. All Rights Reserved.

source advanced_circuits.tcl -notrace
Command: synth_design -top advanced_circuits -part xc7a35ticpg236-1L
Starting synth_design
Attempting to get a license for feature 'Synthesis' and/or device 'xc7a35ti'
INFO: [Common 17-349] Got license for feature 'Synthesis' and/or device 'xc7a35ti'
INFO: Launching helper process for spawning children vivado processes
INFO: Helper process launched with PID 36924 
---------------------------------------------------------------------------------
Starting RTL Elaboration : Time (s): cpu = 00:00:03 ; elapsed = 00:00:03 . Memory (MB): peak = 343.703 ; gain = 100.695
---------------------------------------------------------------------------------
INFO: [Synth 8-638] synthesizing module 'advanced_circuits' [C:/LogicLabProjects/Project2/project_1/project_1.srcs/sources_1/new/advancedd_circuits.v:23]
INFO: [Synth 8-638] synthesizing module 'decoder' [C:/LogicLabProjects/Project2/project_1/project_1.srcs/sources_1/new/decoder.v:23]
INFO: [Synth 8-256] done synthesizing module 'decoder' (1#1) [C:/LogicLabProjects/Project2/project_1/project_1.srcs/sources_1/new/decoder.v:23]
INFO: [Synth 8-638] synthesizing module 'BCDto7Segment' [C:/LogicLabProjects/Project2/project_1/project_1.srcs/sources_1/new/BCDto7Segment.v:23]
INFO: [Synth 8-256] done synthesizing module 'BCDto7Segment' (2#1) [C:/LogicLabProjects/Project2/project_1/project_1.srcs/sources_1/new/BCDto7Segment.v:23]
INFO: [Synth 8-638] synthesizing module 'mutex8to1' [C:/LogicLabProjects/Project2/project_1/project_1.srcs/sources_1/new/mutex8to1.v:23]
INFO: [Synth 8-256] done synthesizing module 'mutex8to1' (3#1) [C:/LogicLabProjects/Project2/project_1/project_1.srcs/sources_1/new/mutex8to1.v:23]
INFO: [Synth 8-256] done synthesizing module 'advanced_circuits' (4#1) [C:/LogicLabProjects/Project2/project_1/project_1.srcs/sources_1/new/advancedd_circuits.v:23]
WARNING: [Synth 8-3917] design advanced_circuits has port an[3] driven by constant 1
WARNING: [Synth 8-3917] design advanced_circuits has port an[2] driven by constant 1
WARNING: [Synth 8-3917] design advanced_circuits has port an[1] driven by constant 1
---------------------------------------------------------------------------------
Finished RTL Elaboration : Time (s): cpu = 00:00:03 ; elapsed = 00:00:03 . Memory (MB): peak = 395.293 ; gain = 152.285
---------------------------------------------------------------------------------

Report Check Netlist: 
+------+------------------+-------+---------+-------+------------------+
|      |Item              |Errors |Warnings |Status |Description       |
+------+------------------+-------+---------+-------+------------------+
|1     |multi_driven_nets |      0|        0|Passed |Multi driven nets |
+------+------------------+-------+---------+-------+------------------+
---------------------------------------------------------------------------------
Finished RTL Optimization Phase 1 : Time (s): cpu = 00:00:04 ; elapsed = 00:00:03 . Memory (MB): peak = 395.293 ; gain = 152.285
---------------------------------------------------------------------------------
INFO: [Device 21-403] Loading part xc7a35ticpg236-1L
INFO: [Project 1-570] Preparing netlist for logic optimization

Processing XDC Constraints
Initializing timing engine
Parsing XDC File [C:/LogicLabProjects/Project2/project_1/project_1.srcs/constrs_1/new/constraints.xdc]
Finished Parsing XDC File [C:/LogicLabProjects/Project2/project_1/project_1.srcs/constrs_1/new/constraints.xdc]
INFO: [Project 1-236] Implementation specific constraints were found while reading constraint file [C:/LogicLabProjects/Project2/project_1/project_1.srcs/constrs_1/new/constraints.xdc]. These constraints will be ignored for synthesis but will be used in implementation. Impacted constraints are listed in the file [.Xil/advanced_circuits_propImpl.xdc].
Resolution: To avoid this warning, move constraints listed in [.Xil/advanced_circuits_propImpl.xdc] to another XDC file and exclude this new file from synthesis with the used_in_synthesis property (File Properties dialog in GUI) and re-run elaboration/synthesis.
Completed Processing XDC Constraints

INFO: [Project 1-111] Unisim Transformation Summary:
No Unisim elements were transformed.

Constraint Validation Runtime : Time (s): cpu = 00:00:00 ; elapsed = 00:00:00.002 . Memory (MB): peak = 698.832 ; gain = 0.000
---------------------------------------------------------------------------------
Finished Constraint Validation : Time (s): cpu = 00:00:09 ; elapsed = 00:00:10 . Memory (MB): peak = 698.832 ; gain = 455.824
---------------------------------------------------------------------------------
---------------------------------------------------------------------------------
Start Loading Part and Timing Information
---------------------------------------------------------------------------------
Loading part: xc7a35ticpg236-1L
---------------------------------------------------------------------------------
Finished Loading Part and Timing Information : Time (s): cpu = 00:00:09 ; elapsed = 00:00:10 . Memory (MB): peak = 698.832 ; gain = 455.824
---------------------------------------------------------------------------------
---------------------------------------------------------------------------------
Start Applying 'set_property' XDC Constraints
---------------------------------------------------------------------------------
---------------------------------------------------------------------------------
Finished applying 'set_property' XDC Constraints : Time (s): cpu = 00:00:09 ; elapsed = 00:00:10 . Memory (MB): peak = 698.832 ; gain = 455.824
---------------------------------------------------------------------------------
WARNING: [Synth 8-327] inferring latch for variable 'LED_reg' [C:/LogicLabProjects/Project2/project_1/project_1.srcs/sources_1/new/decoder.v:33]
---------------------------------------------------------------------------------
Finished RTL Optimization Phase 2 : Time (s): cpu = 00:00:09 ; elapsed = 00:00:10 . Memory (MB): peak = 698.832 ; gain = 455.824
---------------------------------------------------------------------------------

Report RTL Partitions: 
+-+--------------+------------+----------+
| |RTL Partition |Replication |Instances |
+-+--------------+------------+----------+
+-+--------------+------------+----------+
---------------------------------------------------------------------------------
Start RTL Component Statistics 
---------------------------------------------------------------------------------
Detailed RTL Component Info : 
+---Muxes : 
	   8 Input      8 Bit        Muxes := 1     
---------------------------------------------------------------------------------
Finished RTL Component Statistics 
---------------------------------------------------------------------------------
---------------------------------------------------------------------------------
Start RTL Hierarchical Component Statistics 
---------------------------------------------------------------------------------
Hierarchical RTL Component report 
Module decoder 
Detailed RTL Component Info : 
+---Muxes : 
	   8 Input      8 Bit        Muxes := 1     
---------------------------------------------------------------------------------
Finished RTL Hierarchical Component Statistics
---------------------------------------------------------------------------------
---------------------------------------------------------------------------------
Start Part Resource Summary
---------------------------------------------------------------------------------
Part Resources:
DSPs: 90 (col length:60)
BRAMs: 100 (col length: RAMB18 60 RAMB36 30)
---------------------------------------------------------------------------------
Finished Part Resource Summary
---------------------------------------------------------------------------------
---------------------------------------------------------------------------------
Start Cross Boundary and Area Optimization
---------------------------------------------------------------------------------
WARNING: [Synth 8-3917] design advanced_circuits has port dp driven by constant 1
WARNING: [Synth 8-3917] design advanced_circuits has port an[3] driven by constant 1
WARNING: [Synth 8-3917] design advanced_circuits has port an[2] driven by constant 1
WARNING: [Synth 8-3917] design advanced_circuits has port an[1] driven by constant 1
WARNING: [Synth 8-3917] design advanced_circuits has port an[0] driven by constant 1
WARNING: [Synth 8-3332] Sequential element (dec1/LED_reg[7]) is unused and will be removed from module advanced_circuits.
WARNING: [Synth 8-3332] Sequential element (dec1/LED_reg[6]) is unused and will be removed from module advanced_circuits.
WARNING: [Synth 8-3332] Sequential element (dec1/LED_reg[5]) is unused and will be removed from module advanced_circuits.
WARNING: [Synth 8-3332] Sequential element (dec1/LED_reg[4]) is unused and will be removed from module advanced_circuits.
WARNING: [Synth 8-3332] Sequential element (dec1/LED_reg[3]) is unused and will be removed from module advanced_circuits.
WARNING: [Synth 8-3332] Sequential element (dec1/LED_reg[2]) is unused and will be removed from module advanced_circuits.
WARNING: [Synth 8-3332] Sequential element (dec1/LED_reg[1]) is unused and will be removed from module advanced_circuits.
WARNING: [Synth 8-3332] Sequential element (dec1/LED_reg[0]) is unused and will be removed from module advanced_circuits.
---------------------------------------------------------------------------------
Finished Cross Boundary and Area Optimization : Time (s): cpu = 00:00:09 ; elapsed = 00:00:10 . Memory (MB): peak = 698.832 ; gain = 455.824
---------------------------------------------------------------------------------

Report RTL Partitions: 
+-+--------------+------------+----------+
| |RTL Partition |Replication |Instances |
+-+--------------+------------+----------+
+-+--------------+------------+----------+
---------------------------------------------------------------------------------
Start Applying XDC Timing Constraints
---------------------------------------------------------------------------------
---------------------------------------------------------------------------------
Finished Applying XDC Timing Constraints : Time (s): cpu = 00:00:14 ; elapsed = 00:00:15 . Memory (MB): peak = 715.516 ; gain = 472.508
---------------------------------------------------------------------------------
---------------------------------------------------------------------------------
Start Timing Optimization
---------------------------------------------------------------------------------
---------------------------------------------------------------------------------
Finished Timing Optimization : Time (s): cpu = 00:00:14 ; elapsed = 00:00:15 . Memory (MB): peak = 715.516 ; gain = 472.508
---------------------------------------------------------------------------------

Report RTL Partitions: 
+-+--------------+------------+----------+
| |RTL Partition |Replication |Instances |
+-+--------------+------------+----------+
+-+--------------+------------+----------+
---------------------------------------------------------------------------------
Start Technology Mapping
---------------------------------------------------------------------------------
---------------------------------------------------------------------------------
Finished Technology Mapping : Time (s): cpu = 00:00:14 ; elapsed = 00:00:15 . Memory (MB): peak = 725.098 ; gain = 482.090
---------------------------------------------------------------------------------

Report RTL Partitions: 
+-+--------------+------------+----------+
| |RTL Partition |Replication |Instances |
+-+--------------+------------+----------+
+-+--------------+------------+----------+
---------------------------------------------------------------------------------
Start IO Insertion
---------------------------------------------------------------------------------
---------------------------------------------------------------------------------
Start Flattening Before IO Insertion
---------------------------------------------------------------------------------
---------------------------------------------------------------------------------
Finished Flattening Before IO Insertion
---------------------------------------------------------------------------------
---------------------------------------------------------------------------------
Start Final Netlist Cleanup
---------------------------------------------------------------------------------
---------------------------------------------------------------------------------
Finished Final Netlist Cleanup
---------------------------------------------------------------------------------
---------------------------------------------------------------------------------
Finished IO Insertion : Time (s): cpu = 00:00:15 ; elapsed = 00:00:16 . Memory (MB): peak = 725.098 ; gain = 482.090
---------------------------------------------------------------------------------

Report Check Netlist: 
+------+------------------+-------+---------+-------+------------------+
|      |Item              |Errors |Warnings |Status |Description       |
+------+------------------+-------+---------+-------+------------------+
|1     |multi_driven_nets |      0|        0|Passed |Multi driven nets |
+------+------------------+-------+---------+-------+------------------+
---------------------------------------------------------------------------------
Start Renaming Generated Instances
---------------------------------------------------------------------------------
---------------------------------------------------------------------------------
Finished Renaming Generated Instances : Time (s): cpu = 00:00:15 ; elapsed = 00:00:16 . Memory (MB): peak = 725.098 ; gain = 482.090
---------------------------------------------------------------------------------

Report RTL Partitions: 
+-+--------------+------------+----------+
| |RTL Partition |Replication |Instances |
+-+--------------+------------+----------+
+-+--------------+------------+----------+
---------------------------------------------------------------------------------
Start Rebuilding User Hierarchy
---------------------------------------------------------------------------------
---------------------------------------------------------------------------------
Finished Rebuilding User Hierarchy : Time (s): cpu = 00:00:15 ; elapsed = 00:00:16 . Memory (MB): peak = 725.098 ; gain = 482.090
---------------------------------------------------------------------------------
---------------------------------------------------------------------------------
Start Renaming Generated Ports
---------------------------------------------------------------------------------
---------------------------------------------------------------------------------
Finished Renaming Generated Ports : Time (s): cpu = 00:00:15 ; elapsed = 00:00:16 . Memory (MB): peak = 725.098 ; gain = 482.090
---------------------------------------------------------------------------------
---------------------------------------------------------------------------------
Start Handling Custom Attributes
---------------------------------------------------------------------------------
---------------------------------------------------------------------------------
Finished Handling Custom Attributes : Time (s): cpu = 00:00:15 ; elapsed = 00:00:16 . Memory (MB): peak = 725.098 ; gain = 482.090
---------------------------------------------------------------------------------
---------------------------------------------------------------------------------
Start Renaming Generated Nets
---------------------------------------------------------------------------------
---------------------------------------------------------------------------------
Finished Renaming Generated Nets : Time (s): cpu = 00:00:15 ; elapsed = 00:00:16 . Memory (MB): peak = 725.098 ; gain = 482.090
---------------------------------------------------------------------------------
---------------------------------------------------------------------------------
Start Writing Synthesis Report
---------------------------------------------------------------------------------

Report BlackBoxes: 
+-+--------------+----------+
| |BlackBox name |Instances |
+-+--------------+----------+
+-+--------------+----------+

Report Cell Usage: 
+------+------+------+
|      |Cell  |Count |
+------+------+------+
|1     |LUT3  |     8|
|2     |LUT4  |     7|
|3     |LUT6  |     2|
|4     |MUXF7 |     1|
|5     |IBUF  |    11|
|6     |OBUF  |    21|
+------+------+------+

Report Instance Areas: 
+------+---------+-------+------+
|      |Instance |Module |Cells |
+------+---------+-------+------+
|1     |top      |       |    50|
+------+---------+-------+------+
---------------------------------------------------------------------------------
Finished Writing Synthesis Report : Time (s): cpu = 00:00:15 ; elapsed = 00:00:16 . Memory (MB): peak = 725.098 ; gain = 482.090
---------------------------------------------------------------------------------
Synthesis finished with 0 errors, 0 critical warnings and 14 warnings.
Synthesis Optimization Runtime : Time (s): cpu = 00:00:09 ; elapsed = 00:00:12 . Memory (MB): peak = 725.098 ; gain = 178.551
Synthesis Optimization Complete : Time (s): cpu = 00:00:15 ; elapsed = 00:00:16 . Memory (MB): peak = 725.098 ; gain = 482.090
INFO: [Project 1-571] Translating synthesized netlist
INFO: [Netlist 29-17] Analyzing 12 Unisim elements for replacement
INFO: [Netlist 29-28] Unisim Transformation completed in 0 CPU seconds
INFO: [Project 1-570] Preparing netlist for logic optimization
INFO: [Opt 31-138] Pushed 0 inverter(s) to 0 load pin(s).
INFO: [Project 1-111] Unisim Transformation Summary:
No Unisim elements were transformed.

INFO: [Common 17-83] Releasing license: Synthesis
20 Infos, 17 Warnings, 0 Critical Warnings and 0 Errors encountered.
synth_design completed successfully
synth_design: Time (s): cpu = 00:00:15 ; elapsed = 00:00:19 . Memory (MB): peak = 733.770 ; gain = 503.840
INFO: [Common 17-1381] The checkpoint 'C:/LogicLabProjects/Project2/project_1/project_1.runs/synth_1/advanced_circuits.dcp' has been generated.
INFO: [runtcl-4] Executing : report_utilization -file advanced_circuits_utilization_synth.rpt -pb advanced_circuits_utilization_synth.pb
report_utilization: Time (s): cpu = 00:00:00 ; elapsed = 00:00:00.023 . Memory (MB): peak = 733.770 ; gain = 0.000
INFO: [Common 17-206] Exiting Vivado at Mon Mar  2 03:05:49 2026...
