#-----------------------------------------------------------
# Vivado v2017.4 (64-bit)
# SW Build 2086221 on Fri Dec 15 20:55:39 MST 2017
# IP Build 2085800 on Fri Dec 15 22:25:07 MST 2017
# Start of session at: Sat Mar  7 01:02:54 2026
# Process ID: 5876
# Current directory: C:/LogicLabProjects/Project2/project_1
# Command line: vivado.exe -gui_launcher_event rodinguilauncherevent18268 C:\LogicLabProjects\Project2\project_1\project_1.xpr
# Log file: C:/LogicLabProjects/Project2/project_1/vivado.log
# Journal file: C:/LogicLabProjects/Project2/project_1\vivado.jou
#-----------------------------------------------------------
start_gui
open_project C:/LogicLabProjects/Project2/project_1/project_1.xpr
Scanning sources...
Finished scanning sources
INFO: [IP_Flow 19-234] Refreshing IP repositories
INFO: [IP_Flow 19-1704] No user IP repositories specified
INFO: [IP_Flow 19-2313] Loaded Vivado IP repository 'C:/Xilinx/Vivado/2017.4/data/ip'.
open_project: Time (s): cpu = 00:00:13 ; elapsed = 00:00:08 . Memory (MB): peak = 778.641 ; gain = 48.465
update_compile_order -fileset sources_1
synth_design -rtl -name rtl_1
Command: synth_design -rtl -name rtl_1
Starting synth_design
Using part: xc7a35ticpg236-1L
Top: advanced_circuits
---------------------------------------------------------------------------------
Starting RTL Elaboration : Time (s): cpu = 00:00:04 ; elapsed = 00:00:03 . Memory (MB): peak = 872.188 ; gain = 75.430
---------------------------------------------------------------------------------
INFO: [Synth 8-638] synthesizing module 'advanced_circuits' [C:/LogicLabProjects/Project2/project_1/project_1.srcs/sources_1/new/advancedd_circuits.v:23]
INFO: [Synth 8-638] synthesizing module 'decoder' [C:/LogicLabProjects/Project2/project_1/project_1.srcs/sources_1/new/decoder.v:23]
INFO: [Synth 8-256] done synthesizing module 'decoder' (1#1) [C:/LogicLabProjects/Project2/project_1/project_1.srcs/sources_1/new/decoder.v:23]
INFO: [Synth 8-638] synthesizing module 'BCDto7Segment' [C:/LogicLabProjects/Project2/project_1/project_1.srcs/sources_1/new/BCDto7Segment.v:23]
INFO: [Synth 8-256] done synthesizing module 'BCDto7Segment' (2#1) [C:/LogicLabProjects/Project2/project_1/project_1.srcs/sources_1/new/BCDto7Segment.v:23]
INFO: [Synth 8-638] synthesizing module 'mutex8to1' [C:/LogicLabProjects/Project2/project_1/project_1.srcs/sources_1/new/mutex8to1.v:23]
INFO: [Synth 8-256] done synthesizing module 'mutex8to1' (3#1) [C:/LogicLabProjects/Project2/project_1/project_1.srcs/sources_1/new/mutex8to1.v:23]
INFO: [Synth 8-256] done synthesizing module 'advanced_circuits' (4#1) [C:/LogicLabProjects/Project2/project_1/project_1.srcs/sources_1/new/advancedd_circuits.v:23]
WARNING: [Synth 8-3917] design advanced_circuits has port an[3] driven by constant 1
WARNING: [Synth 8-3917] design advanced_circuits has port an[2] driven by constant 1
WARNING: [Synth 8-3917] design advanced_circuits has port an[1] driven by constant 1
---------------------------------------------------------------------------------
Finished RTL Elaboration : Time (s): cpu = 00:00:04 ; elapsed = 00:00:03 . Memory (MB): peak = 902.672 ; gain = 105.914
---------------------------------------------------------------------------------

Report Check Netlist: 
+------+------------------+-------+---------+-------+------------------+
|      |Item              |Errors |Warnings |Status |Description       |
+------+------------------+-------+---------+-------+------------------+
|1     |multi_driven_nets |      0|        0|Passed |Multi driven nets |
+------+------------------+-------+---------+-------+------------------+
---------------------------------------------------------------------------------
Finished RTL Optimization Phase 1 : Time (s): cpu = 00:00:04 ; elapsed = 00:00:04 . Memory (MB): peak = 902.672 ; gain = 105.914
---------------------------------------------------------------------------------
INFO: [Device 21-403] Loading part xc7a35ticpg236-1L
INFO: [Project 1-570] Preparing netlist for logic optimization
INFO: [Opt 31-141] Inserted 5 OBUFs to IO ports without IO buffers.

Processing XDC Constraints
Initializing timing engine
Parsing XDC File [C:/LogicLabProjects/Project2/project_1/project_1.srcs/constrs_1/new/constraints.xdc]
Finished Parsing XDC File [C:/LogicLabProjects/Project2/project_1/project_1.srcs/constrs_1/new/constraints.xdc]
Completed Processing XDC Constraints

INFO: [Opt 31-138] Pushed 0 inverter(s) to 0 load pin(s).
INFO: [Project 1-111] Unisim Transformation Summary:
No Unisim elements were transformed.

RTL Elaboration Complete:  : Time (s): cpu = 00:00:12 ; elapsed = 00:00:10 . Memory (MB): peak = 1302.801 ; gain = 506.043
13 Infos, 3 Warnings, 0 Critical Warnings and 0 Errors encountered.
synth_design completed successfully
synth_design: Time (s): cpu = 00:00:12 ; elapsed = 00:00:10 . Memory (MB): peak = 1302.801 ; gain = 506.043
write_schematic -format pdf -orientation portrait C:/Users/husey/OneDrive/Masast/schematic.pdf
C:/Users/husey/OneDrive/Masast/schematic.pdf
write_schematic -format pdf -orientation portrait C:/LogicLabProjects/Project2/schematic.pdf
C:/LogicLabProjects/Project2/schematic.pdf
write_schematic C:/LogicLabProjects/Project2/schematic.png.sch
C:/LogicLabProjects/Project2/schematic.png.sch
close_design
set_property top decoder [current_fileset]
update_compile_order -fileset sources_1
set_property top decodersim [get_filesets sim_1]
set_property top_lib xil_defaultlib [get_filesets sim_1]
update_compile_order -fileset sim_1
launch_simulation
INFO: [Vivado 12-5682] Launching behavioral simulation in 'C:/LogicLabProjects/Project2/project_1/project_1.sim/sim_1/behav/xsim'
INFO: [SIM-utils-51] Simulation object is 'sim_1'
INFO: [SIM-utils-54] Inspecting design source files for 'decodersim' in fileset 'sim_1'...
INFO: [USF-XSim-97] Finding global include files...
INFO: [USF-XSim-98] Fetching design files from 'sim_1'...
INFO: [USF-XSim-2] XSim::Compile design
INFO: [USF-XSim-61] Executing 'COMPILE and ANALYZE' step in 'C:/LogicLabProjects/Project2/project_1/project_1.sim/sim_1/behav/xsim'
"xvlog --incr --relax -prj decodersim_vlog.prj"
INFO: [VRFC 10-2263] Analyzing Verilog file "C:/LogicLabProjects/Project2/project_1/project_1.srcs/sources_1/new/decoder.v" into library xil_defaultlib
INFO: [VRFC 10-311] analyzing module decoder
INFO: [VRFC 10-2263] Analyzing Verilog file "C:/LogicLabProjects/Project2/project_1/project_1.srcs/sim_1/new/decodersim.v" into library xil_defaultlib
INFO: [VRFC 10-311] analyzing module decodersim
INFO: [USF-XSim-69] 'compile' step finished in '1' seconds
INFO: [USF-XSim-3] XSim::Elaborate design
INFO: [USF-XSim-61] Executing 'ELABORATE' step in 'C:/LogicLabProjects/Project2/project_1/project_1.sim/sim_1/behav/xsim'
Vivado Simulator 2017.4
Copyright 1986-1999, 2001-2016 Xilinx, Inc. All Rights Reserved.
Running: C:/Xilinx/Vivado/2017.4/bin/unwrapped/win64.o/xelab.exe -wto f964f4c72bd0407d9c11f4135e0e487e --incr --debug typical --relax --mt 2 -L xil_defaultlib -L unisims_ver -L unimacro_ver -L secureip --snapshot decodersim_behav xil_defaultlib.decodersim xil_defaultlib.glbl -log elaborate.log 
Using 2 slave threads.
Starting static elaboration
Completed static elaboration
Starting simulation data flow analysis
Completed simulation data flow analysis
Time Resolution for simulation is 1ps
Compiling module xil_defaultlib.decoder
Compiling module xil_defaultlib.decodersim
Compiling module xil_defaultlib.glbl
Built simulation snapshot decodersim_behav

****** Webtalk v2017.4 (64-bit)
  **** SW Build 2086221 on Fri Dec 15 20:55:39 MST 2017
  **** IP Build 2085800 on Fri Dec 15 22:25:07 MST 2017
    ** Copyright 1986-2017 Xilinx, Inc. All Rights Reserved.

source C:/LogicLabProjects/Project2/project_1/project_1.sim/sim_1/behav/xsim/xsim.dir/decodersim_behav/webtalk/xsim_webtalk.tcl -notrace
INFO: [Common 17-206] Exiting Webtalk at Sat Mar  7 01:15:31 2026...
run_program: Time (s): cpu = 00:00:00 ; elapsed = 00:00:05 . Memory (MB): peak = 1303.668 ; gain = 0.000
INFO: [USF-XSim-69] 'elaborate' step finished in '5' seconds
INFO: [USF-XSim-4] XSim::Simulate design
INFO: [USF-XSim-61] Executing 'SIMULATE' step in 'C:/LogicLabProjects/Project2/project_1/project_1.sim/sim_1/behav/xsim'
INFO: [USF-XSim-98] *** Running xsim
   with args "decodersim_behav -key {Behavioral:sim_1:Functional:decodersim} -tclbatch {decodersim.tcl} -log {simulate.log}"
INFO: [USF-XSim-8] Loading simulator feature
Vivado Simulator 2017.4
Time resolution is 1 ps
source decodersim.tcl
# set curr_wave [current_wave_config]
# if { [string length $curr_wave] == 0 } {
#   if { [llength [get_objects]] > 0} {
#     add_wave /
#     set_property needs_save false [current_wave_config]
#   } else {
#      send_msg_id Add_Wave-1 WARNING "No top level signals found. Simulator will start without a wave window. If you want to open a wave window go to 'File->New Waveform Configuration' or type 'create_wave_config' in the TCL console."
#   }
# }
# run 1000ns
$finish called at time : 400 ns : File "C:/LogicLabProjects/Project2/project_1/project_1.srcs/sim_1/new/decodersim.v" Line 46
INFO: [USF-XSim-96] XSim completed. Design snapshot 'decodersim_behav' loaded.
INFO: [USF-XSim-97] XSim simulation ran for 1000ns
launch_simulation: Time (s): cpu = 00:00:02 ; elapsed = 00:00:08 . Memory (MB): peak = 1303.668 ; gain = 0.000
close_sim
INFO: [Simtcl 6-16] Simulation closed
launch_simulation
INFO: [Vivado 12-5682] Launching behavioral simulation in 'C:/LogicLabProjects/Project2/project_1/project_1.sim/sim_1/behav/xsim'
INFO: [SIM-utils-51] Simulation object is 'sim_1'
INFO: [SIM-utils-54] Inspecting design source files for 'decodersim' in fileset 'sim_1'...
INFO: [USF-XSim-97] Finding global include files...
INFO: [USF-XSim-98] Fetching design files from 'sim_1'...
INFO: [USF-XSim-2] XSim::Compile design
INFO: [USF-XSim-61] Executing 'COMPILE and ANALYZE' step in 'C:/LogicLabProjects/Project2/project_1/project_1.sim/sim_1/behav/xsim'
"xvlog --incr --relax -prj decodersim_vlog.prj"
INFO: [USF-XSim-69] 'compile' step finished in '1' seconds
INFO: [USF-XSim-3] XSim::Elaborate design
INFO: [USF-XSim-61] Executing 'ELABORATE' step in 'C:/LogicLabProjects/Project2/project_1/project_1.sim/sim_1/behav/xsim'
Vivado Simulator 2017.4
Copyright 1986-1999, 2001-2016 Xilinx, Inc. All Rights Reserved.
Running: C:/Xilinx/Vivado/2017.4/bin/unwrapped/win64.o/xelab.exe -wto f964f4c72bd0407d9c11f4135e0e487e --incr --debug typical --relax --mt 2 -L xil_defaultlib -L unisims_ver -L unimacro_ver -L secureip --snapshot decodersim_behav xil_defaultlib.decodersim xil_defaultlib.glbl -log elaborate.log 
Using 2 slave threads.
Starting static elaboration
Completed static elaboration
INFO: [XSIM 43-4323] No Change in HDL. Linking previously generated obj files to create kernel
INFO: [USF-XSim-69] 'elaborate' step finished in '1' seconds
INFO: [USF-XSim-4] XSim::Simulate design
INFO: [USF-XSim-61] Executing 'SIMULATE' step in 'C:/LogicLabProjects/Project2/project_1/project_1.sim/sim_1/behav/xsim'
INFO: [USF-XSim-98] *** Running xsim
   with args "decodersim_behav -key {Behavioral:sim_1:Functional:decodersim} -tclbatch {decodersim.tcl} -log {simulate.log}"
INFO: [USF-XSim-8] Loading simulator feature
Vivado Simulator 2017.4
Time resolution is 1 ps
source decodersim.tcl
# set curr_wave [current_wave_config]
# if { [string length $curr_wave] == 0 } {
#   if { [llength [get_objects]] > 0} {
#     add_wave /
#     set_property needs_save false [current_wave_config]
#   } else {
#      send_msg_id Add_Wave-1 WARNING "No top level signals found. Simulator will start without a wave window. If you want to open a wave window go to 'File->New Waveform Configuration' or type 'create_wave_config' in the TCL console."
#   }
# }
# run 1000ns
$finish called at time : 400 ns : File "C:/LogicLabProjects/Project2/project_1/project_1.srcs/sim_1/new/decodersim.v" Line 46
INFO: [USF-XSim-96] XSim completed. Design snapshot 'decodersim_behav' loaded.
INFO: [USF-XSim-97] XSim simulation ran for 1000ns
set_property top BCDto7Segment [current_fileset]
update_compile_order -fileset sources_1
set_property top BCDsim [get_filesets sim_1]
set_property top_lib xil_defaultlib [get_filesets sim_1]
update_compile_order -fileset sim_1
launch_simulation
INFO: [Vivado 12-5682] Launching behavioral simulation in 'C:/LogicLabProjects/Project2/project_1/project_1.sim/sim_1/behav/xsim'
INFO: [SIM-utils-51] Simulation object is 'sim_1'
INFO: [SIM-utils-54] Inspecting design source files for 'BCDsim' in fileset 'sim_1'...
INFO: [USF-XSim-97] Finding global include files...
INFO: [USF-XSim-98] Fetching design files from 'sim_1'...
INFO: [USF-XSim-2] XSim::Compile design
INFO: [USF-XSim-61] Executing 'COMPILE and ANALYZE' step in 'C:/LogicLabProjects/Project2/project_1/project_1.sim/sim_1/behav/xsim'
"xvlog --incr --relax -prj BCDsim_vlog.prj"
INFO: [VRFC 10-2263] Analyzing Verilog file "C:/LogicLabProjects/Project2/project_1/project_1.srcs/sources_1/new/BCDto7Segment.v" into library xil_defaultlib
INFO: [VRFC 10-311] analyzing module BCDto7Segment
INFO: [VRFC 10-2263] Analyzing Verilog file "C:/LogicLabProjects/Project2/project_1/project_1.srcs/sim_1/new/BCDsim.v" into library xil_defaultlib
INFO: [VRFC 10-311] analyzing module BCDsim
INFO: [USF-XSim-69] 'compile' step finished in '1' seconds
INFO: [USF-XSim-3] XSim::Elaborate design
INFO: [USF-XSim-61] Executing 'ELABORATE' step in 'C:/LogicLabProjects/Project2/project_1/project_1.sim/sim_1/behav/xsim'
Vivado Simulator 2017.4
Copyright 1986-1999, 2001-2016 Xilinx, Inc. All Rights Reserved.
Running: C:/Xilinx/Vivado/2017.4/bin/unwrapped/win64.o/xelab.exe -wto f964f4c72bd0407d9c11f4135e0e487e --incr --debug typical --relax --mt 2 -L xil_defaultlib -L unisims_ver -L unimacro_ver -L secureip --snapshot BCDsim_behav xil_defaultlib.BCDsim xil_defaultlib.glbl -log elaborate.log 
Using 2 slave threads.
Starting static elaboration
ERROR: [VRFC 10-426] cannot find port O on this module [C:/LogicLabProjects/Project2/project_1/project_1.srcs/sim_1/new/BCDsim.v:29]
ERROR: [VRFC 10-426] cannot find port SW on this module [C:/LogicLabProjects/Project2/project_1/project_1.srcs/sim_1/new/BCDsim.v:28]
ERROR: [XSIM 43-3322] Static elaboration of top level Verilog design unit(s) in library work failed.
INFO: [USF-XSim-69] 'elaborate' step finished in '1' seconds
INFO: [USF-XSim-99] Step results log file:'C:/LogicLabProjects/Project2/project_1/project_1.sim/sim_1/behav/xsim/elaborate.log'
ERROR: [USF-XSim-62] 'elaborate' step failed with error(s). Please check the Tcl console output or 'C:/LogicLabProjects/Project2/project_1/project_1.sim/sim_1/behav/xsim/elaborate.log' file for more information.
ERROR: [Vivado 12-4473] Detected error while running simulation. Please correct the issue and retry this operation.
ERROR: [Common 17-39] 'launch_simulation' failed due to earlier errors.
close_sim
INFO: [Simtcl 6-16] Simulation closed
launch_simulation
INFO: [Vivado 12-5682] Launching behavioral simulation in 'C:/LogicLabProjects/Project2/project_1/project_1.sim/sim_1/behav/xsim'
INFO: [SIM-utils-51] Simulation object is 'sim_1'
INFO: [SIM-utils-54] Inspecting design source files for 'BCDsim' in fileset 'sim_1'...
INFO: [USF-XSim-97] Finding global include files...
INFO: [USF-XSim-98] Fetching design files from 'sim_1'...
INFO: [USF-XSim-2] XSim::Compile design
INFO: [USF-XSim-61] Executing 'COMPILE and ANALYZE' step in 'C:/LogicLabProjects/Project2/project_1/project_1.sim/sim_1/behav/xsim'
"xvlog --incr --relax -prj BCDsim_vlog.prj"
INFO: [USF-XSim-69] 'compile' step finished in '1' seconds
INFO: [USF-XSim-3] XSim::Elaborate design
INFO: [USF-XSim-61] Executing 'ELABORATE' step in 'C:/LogicLabProjects/Project2/project_1/project_1.sim/sim_1/behav/xsim'
Vivado Simulator 2017.4
Copyright 1986-1999, 2001-2016 Xilinx, Inc. All Rights Reserved.
Running: C:/Xilinx/Vivado/2017.4/bin/unwrapped/win64.o/xelab.exe -wto f964f4c72bd0407d9c11f4135e0e487e --incr --debug typical --relax --mt 2 -L xil_defaultlib -L unisims_ver -L unimacro_ver -L secureip --snapshot BCDsim_behav xil_defaultlib.BCDsim xil_defaultlib.glbl -log elaborate.log 
Using 2 slave threads.
Starting static elaboration
ERROR: [VRFC 10-426] cannot find port O on this module [C:/LogicLabProjects/Project2/project_1/project_1.srcs/sim_1/new/BCDsim.v:29]
ERROR: [VRFC 10-426] cannot find port SW on this module [C:/LogicLabProjects/Project2/project_1/project_1.srcs/sim_1/new/BCDsim.v:28]
ERROR: [XSIM 43-3322] Static elaboration of top level Verilog design unit(s) in library work failed.
INFO: [USF-XSim-69] 'elaborate' step finished in '1' seconds
INFO: [USF-XSim-99] Step results log file:'C:/LogicLabProjects/Project2/project_1/project_1.sim/sim_1/behav/xsim/elaborate.log'
ERROR: [USF-XSim-62] 'elaborate' step failed with error(s). Please check the Tcl console output or 'C:/LogicLabProjects/Project2/project_1/project_1.sim/sim_1/behav/xsim/elaborate.log' file for more information.
ERROR: [Vivado 12-4473] Detected error while running simulation. Please correct the issue and retry this operation.
ERROR: [Common 17-39] 'launch_simulation' failed due to earlier errors.
launch_simulation
INFO: [Vivado 12-5682] Launching behavioral simulation in 'C:/LogicLabProjects/Project2/project_1/project_1.sim/sim_1/behav/xsim'
INFO: [SIM-utils-51] Simulation object is 'sim_1'
INFO: [SIM-utils-54] Inspecting design source files for 'BCDsim' in fileset 'sim_1'...
INFO: [USF-XSim-97] Finding global include files...
INFO: [USF-XSim-98] Fetching design files from 'sim_1'...
INFO: [USF-XSim-2] XSim::Compile design
INFO: [USF-XSim-61] Executing 'COMPILE and ANALYZE' step in 'C:/LogicLabProjects/Project2/project_1/project_1.sim/sim_1/behav/xsim'
"xvlog --incr --relax -prj BCDsim_vlog.prj"
INFO: [VRFC 10-2263] Analyzing Verilog file "C:/LogicLabProjects/Project2/project_1/project_1.srcs/sources_1/new/BCDto7Segment.v" into library xil_defaultlib
INFO: [VRFC 10-311] analyzing module BCDto7Segment
INFO: [VRFC 10-2263] Analyzing Verilog file "C:/LogicLabProjects/Project2/project_1/project_1.srcs/sim_1/new/BCDsim.v" into library xil_defaultlib
INFO: [VRFC 10-311] analyzing module BCDsim
INFO: [USF-XSim-69] 'compile' step finished in '1' seconds
INFO: [USF-XSim-3] XSim::Elaborate design
INFO: [USF-XSim-61] Executing 'ELABORATE' step in 'C:/LogicLabProjects/Project2/project_1/project_1.sim/sim_1/behav/xsim'
Vivado Simulator 2017.4
Copyright 1986-1999, 2001-2016 Xilinx, Inc. All Rights Reserved.
Running: C:/Xilinx/Vivado/2017.4/bin/unwrapped/win64.o/xelab.exe -wto f964f4c72bd0407d9c11f4135e0e487e --incr --debug typical --relax --mt 2 -L xil_defaultlib -L unisims_ver -L unimacro_ver -L secureip --snapshot BCDsim_behav xil_defaultlib.BCDsim xil_defaultlib.glbl -log elaborate.log 
Using 2 slave threads.
Starting static elaboration
ERROR: [VRFC 10-426] cannot find port O on this module [C:/LogicLabProjects/Project2/project_1/project_1.srcs/sim_1/new/BCDsim.v:32]
ERROR: [VRFC 10-426] cannot find port SW on this module [C:/LogicLabProjects/Project2/project_1/project_1.srcs/sim_1/new/BCDsim.v:31]
ERROR: [XSIM 43-3322] Static elaboration of top level Verilog design unit(s) in library work failed.
INFO: [USF-XSim-69] 'elaborate' step finished in '1' seconds
INFO: [USF-XSim-99] Step results log file:'C:/LogicLabProjects/Project2/project_1/project_1.sim/sim_1/behav/xsim/elaborate.log'
ERROR: [USF-XSim-62] 'elaborate' step failed with error(s). Please check the Tcl console output or 'C:/LogicLabProjects/Project2/project_1/project_1.sim/sim_1/behav/xsim/elaborate.log' file for more information.
ERROR: [Vivado 12-4473] Detected error while running simulation. Please correct the issue and retry this operation.
ERROR: [Common 17-39] 'launch_simulation' failed due to earlier errors.
launch_simulation
INFO: [Vivado 12-5682] Launching behavioral simulation in 'C:/LogicLabProjects/Project2/project_1/project_1.sim/sim_1/behav/xsim'
INFO: [SIM-utils-51] Simulation object is 'sim_1'
INFO: [SIM-utils-54] Inspecting design source files for 'BCDsim' in fileset 'sim_1'...
INFO: [USF-XSim-97] Finding global include files...
INFO: [USF-XSim-98] Fetching design files from 'sim_1'...
INFO: [USF-XSim-2] XSim::Compile design
INFO: [USF-XSim-61] Executing 'COMPILE and ANALYZE' step in 'C:/LogicLabProjects/Project2/project_1/project_1.sim/sim_1/behav/xsim'
"xvlog --incr --relax -prj BCDsim_vlog.prj"
INFO: [VRFC 10-2263] Analyzing Verilog file "C:/LogicLabProjects/Project2/project_1/project_1.srcs/sources_1/new/BCDto7Segment.v" into library xil_defaultlib
INFO: [VRFC 10-311] analyzing module BCDto7Segment
INFO: [VRFC 10-2263] Analyzing Verilog file "C:/LogicLabProjects/Project2/project_1/project_1.srcs/sim_1/new/BCDsim.v" into library xil_defaultlib
INFO: [VRFC 10-311] analyzing module BCDsim
INFO: [VRFC 10-2458] undeclared symbol sw, assumed default net type wire [C:/LogicLabProjects/Project2/project_1/project_1.srcs/sim_1/new/BCDsim.v:32]
INFO: [VRFC 10-2458] undeclared symbol SEG, assumed default net type wire [C:/LogicLabProjects/Project2/project_1/project_1.srcs/sim_1/new/BCDsim.v:33]
INFO: [USF-XSim-69] 'compile' step finished in '1' seconds
INFO: [USF-XSim-3] XSim::Elaborate design
INFO: [USF-XSim-61] Executing 'ELABORATE' step in 'C:/LogicLabProjects/Project2/project_1/project_1.sim/sim_1/behav/xsim'
Vivado Simulator 2017.4
Copyright 1986-1999, 2001-2016 Xilinx, Inc. All Rights Reserved.
Running: C:/Xilinx/Vivado/2017.4/bin/unwrapped/win64.o/xelab.exe -wto f964f4c72bd0407d9c11f4135e0e487e --incr --debug typical --relax --mt 2 -L xil_defaultlib -L unisims_ver -L unimacro_ver -L secureip --snapshot BCDsim_behav xil_defaultlib.BCDsim xil_defaultlib.glbl -log elaborate.log 
Using 2 slave threads.
Starting static elaboration
WARNING: [VRFC 10-278] actual bit length 1 differs from formal bit length 4 for port sw [C:/LogicLabProjects/Project2/project_1/project_1.srcs/sim_1/new/BCDsim.v:32]
WARNING: [VRFC 10-278] actual bit length 1 differs from formal bit length 7 for port seg [C:/LogicLabProjects/Project2/project_1/project_1.srcs/sim_1/new/BCDsim.v:33]
Completed static elaboration
Starting simulation data flow analysis
Completed simulation data flow analysis
Time Resolution for simulation is 1ps
Compiling module xil_defaultlib.BCDto7Segment
Compiling module xil_defaultlib.BCDsim
Compiling module xil_defaultlib.glbl
Built simulation snapshot BCDsim_behav

****** Webtalk v2017.4 (64-bit)
  **** SW Build 2086221 on Fri Dec 15 20:55:39 MST 2017
  **** IP Build 2085800 on Fri Dec 15 22:25:07 MST 2017
    ** Copyright 1986-2017 Xilinx, Inc. All Rights Reserved.

source C:/LogicLabProjects/Project2/project_1/project_1.sim/sim_1/behav/xsim/xsim.dir/BCDsim_behav/webtalk/xsim_webtalk.tcl -notrace
INFO: [Common 17-206] Exiting Webtalk at Sat Mar  7 01:28:31 2026...
INFO: [USF-XSim-69] 'elaborate' step finished in '2' seconds
INFO: [USF-XSim-4] XSim::Simulate design
INFO: [USF-XSim-61] Executing 'SIMULATE' step in 'C:/LogicLabProjects/Project2/project_1/project_1.sim/sim_1/behav/xsim'
INFO: [USF-XSim-98] *** Running xsim
   with args "BCDsim_behav -key {Behavioral:sim_1:Functional:BCDsim} -tclbatch {BCDsim.tcl} -log {simulate.log}"
INFO: [USF-XSim-8] Loading simulator feature
Vivado Simulator 2017.4
Time resolution is 1 ps
source BCDsim.tcl
# set curr_wave [current_wave_config]
# if { [string length $curr_wave] == 0 } {
#   if { [llength [get_objects]] > 0} {
#     add_wave /
#     set_property needs_save false [current_wave_config]
#   } else {
#      send_msg_id Add_Wave-1 WARNING "No top level signals found. Simulator will start without a wave window. If you want to open a wave window go to 'File->New Waveform Configuration' or type 'create_wave_config' in the TCL console."
#   }
# }
# run 1000ns
$finish called at time : 240 ns : File "C:/LogicLabProjects/Project2/project_1/project_1.srcs/sim_1/new/BCDsim.v" Line 48
INFO: [USF-XSim-96] XSim completed. Design snapshot 'BCDsim_behav' loaded.
INFO: [USF-XSim-97] XSim simulation ran for 1000ns
close_sim
INFO: [Simtcl 6-16] Simulation closed
launch_simulation
INFO: [Vivado 12-5682] Launching behavioral simulation in 'C:/LogicLabProjects/Project2/project_1/project_1.sim/sim_1/behav/xsim'
INFO: [SIM-utils-51] Simulation object is 'sim_1'
INFO: [SIM-utils-54] Inspecting design source files for 'BCDsim' in fileset 'sim_1'...
INFO: [USF-XSim-97] Finding global include files...
INFO: [USF-XSim-98] Fetching design files from 'sim_1'...
INFO: [USF-XSim-2] XSim::Compile design
INFO: [USF-XSim-61] Executing 'COMPILE and ANALYZE' step in 'C:/LogicLabProjects/Project2/project_1/project_1.sim/sim_1/behav/xsim'
"xvlog --incr --relax -prj BCDsim_vlog.prj"
INFO: [VRFC 10-2263] Analyzing Verilog file "C:/LogicLabProjects/Project2/project_1/project_1.srcs/sources_1/new/BCDto7Segment.v" into library xil_defaultlib
INFO: [VRFC 10-311] analyzing module BCDto7Segment
INFO: [VRFC 10-2263] Analyzing Verilog file "C:/LogicLabProjects/Project2/project_1/project_1.srcs/sim_1/new/BCDsim.v" into library xil_defaultlib
INFO: [VRFC 10-311] analyzing module BCDsim
INFO: [VRFC 10-2458] undeclared symbol sw, assumed default net type wire [C:/LogicLabProjects/Project2/project_1/project_1.srcs/sim_1/new/BCDsim.v:32]
INFO: [USF-XSim-69] 'compile' step finished in '1' seconds
INFO: [USF-XSim-3] XSim::Elaborate design
INFO: [USF-XSim-61] Executing 'ELABORATE' step in 'C:/LogicLabProjects/Project2/project_1/project_1.sim/sim_1/behav/xsim'
Vivado Simulator 2017.4
Copyright 1986-1999, 2001-2016 Xilinx, Inc. All Rights Reserved.
Running: C:/Xilinx/Vivado/2017.4/bin/unwrapped/win64.o/xelab.exe -wto f964f4c72bd0407d9c11f4135e0e487e --incr --debug typical --relax --mt 2 -L xil_defaultlib -L unisims_ver -L unimacro_ver -L secureip --snapshot BCDsim_behav xil_defaultlib.BCDsim xil_defaultlib.glbl -log elaborate.log 
Using 2 slave threads.
Starting static elaboration
WARNING: [VRFC 10-278] actual bit length 1 differs from formal bit length 4 for port sw [C:/LogicLabProjects/Project2/project_1/project_1.srcs/sim_1/new/BCDsim.v:32]
Completed static elaboration
Starting simulation data flow analysis
Completed simulation data flow analysis
Time Resolution for simulation is 1ps
Compiling module xil_defaultlib.BCDto7Segment
Compiling module xil_defaultlib.BCDsim
Compiling module xil_defaultlib.glbl
Built simulation snapshot BCDsim_behav
INFO: [USF-XSim-69] 'elaborate' step finished in '1' seconds
INFO: [USF-XSim-4] XSim::Simulate design
INFO: [USF-XSim-61] Executing 'SIMULATE' step in 'C:/LogicLabProjects/Project2/project_1/project_1.sim/sim_1/behav/xsim'
INFO: [USF-XSim-98] *** Running xsim
   with args "BCDsim_behav -key {Behavioral:sim_1:Functional:BCDsim} -tclbatch {BCDsim.tcl} -log {simulate.log}"
INFO: [USF-XSim-8] Loading simulator feature
Vivado Simulator 2017.4
Time resolution is 1 ps
source BCDsim.tcl
# set curr_wave [current_wave_config]
# if { [string length $curr_wave] == 0 } {
#   if { [llength [get_objects]] > 0} {
#     add_wave /
#     set_property needs_save false [current_wave_config]
#   } else {
#      send_msg_id Add_Wave-1 WARNING "No top level signals found. Simulator will start without a wave window. If you want to open a wave window go to 'File->New Waveform Configuration' or type 'create_wave_config' in the TCL console."
#   }
# }
# run 1000ns
$finish called at time : 240 ns : File "C:/LogicLabProjects/Project2/project_1/project_1.srcs/sim_1/new/BCDsim.v" Line 48
INFO: [USF-XSim-96] XSim completed. Design snapshot 'BCDsim_behav' loaded.
INFO: [USF-XSim-97] XSim simulation ran for 1000ns
close_sim
INFO: [Simtcl 6-16] Simulation closed
launch_simulation
INFO: [Vivado 12-5682] Launching behavioral simulation in 'C:/LogicLabProjects/Project2/project_1/project_1.sim/sim_1/behav/xsim'
INFO: [SIM-utils-51] Simulation object is 'sim_1'
INFO: [SIM-utils-54] Inspecting design source files for 'BCDsim' in fileset 'sim_1'...
INFO: [USF-XSim-97] Finding global include files...
INFO: [USF-XSim-98] Fetching design files from 'sim_1'...
INFO: [USF-XSim-2] XSim::Compile design
INFO: [USF-XSim-61] Executing 'COMPILE and ANALYZE' step in 'C:/LogicLabProjects/Project2/project_1/project_1.sim/sim_1/behav/xsim'
"xvlog --incr --relax -prj BCDsim_vlog.prj"
INFO: [VRFC 10-2263] Analyzing Verilog file "C:/LogicLabProjects/Project2/project_1/project_1.srcs/sources_1/new/BCDto7Segment.v" into library xil_defaultlib
INFO: [VRFC 10-311] analyzing module BCDto7Segment
INFO: [VRFC 10-2263] Analyzing Verilog file "C:/LogicLabProjects/Project2/project_1/project_1.srcs/sim_1/new/BCDsim.v" into library xil_defaultlib
INFO: [VRFC 10-311] analyzing module BCDsim
INFO: [USF-XSim-69] 'compile' step finished in '1' seconds
INFO: [USF-XSim-3] XSim::Elaborate design
INFO: [USF-XSim-61] Executing 'ELABORATE' step in 'C:/LogicLabProjects/Project2/project_1/project_1.sim/sim_1/behav/xsim'
Vivado Simulator 2017.4
Copyright 1986-1999, 2001-2016 Xilinx, Inc. All Rights Reserved.
Running: C:/Xilinx/Vivado/2017.4/bin/unwrapped/win64.o/xelab.exe -wto f964f4c72bd0407d9c11f4135e0e487e --incr --debug typical --relax --mt 2 -L xil_defaultlib -L unisims_ver -L unimacro_ver -L secureip --snapshot BCDsim_behav xil_defaultlib.BCDsim xil_defaultlib.glbl -log elaborate.log 
Using 2 slave threads.
Starting static elaboration
Completed static elaboration
Starting simulation data flow analysis
Completed simulation data flow analysis
Time Resolution for simulation is 1ps
Compiling module xil_defaultlib.BCDto7Segment
Compiling module xil_defaultlib.BCDsim
Compiling module xil_defaultlib.glbl
Built simulation snapshot BCDsim_behav
INFO: [USF-XSim-69] 'elaborate' step finished in '1' seconds
INFO: [USF-XSim-4] XSim::Simulate design
INFO: [USF-XSim-61] Executing 'SIMULATE' step in 'C:/LogicLabProjects/Project2/project_1/project_1.sim/sim_1/behav/xsim'
INFO: [USF-XSim-98] *** Running xsim
   with args "BCDsim_behav -key {Behavioral:sim_1:Functional:BCDsim} -tclbatch {BCDsim.tcl} -log {simulate.log}"
INFO: [USF-XSim-8] Loading simulator feature
Vivado Simulator 2017.4
Time resolution is 1 ps
source BCDsim.tcl
# set curr_wave [current_wave_config]
# if { [string length $curr_wave] == 0 } {
#   if { [llength [get_objects]] > 0} {
#     add_wave /
#     set_property needs_save false [current_wave_config]
#   } else {
#      send_msg_id Add_Wave-1 WARNING "No top level signals found. Simulator will start without a wave window. If you want to open a wave window go to 'File->New Waveform Configuration' or type 'create_wave_config' in the TCL console."
#   }
# }
# run 1000ns
$finish called at time : 240 ns : File "C:/LogicLabProjects/Project2/project_1/project_1.srcs/sim_1/new/BCDsim.v" Line 48
INFO: [USF-XSim-96] XSim completed. Design snapshot 'BCDsim_behav' loaded.
INFO: [USF-XSim-97] XSim simulation ran for 1000ns
close_sim
INFO: [Simtcl 6-16] Simulation closed
launch_simulation
INFO: [Vivado 12-5682] Launching behavioral simulation in 'C:/LogicLabProjects/Project2/project_1/project_1.sim/sim_1/behav/xsim'
INFO: [SIM-utils-51] Simulation object is 'sim_1'
INFO: [SIM-utils-54] Inspecting design source files for 'BCDsim' in fileset 'sim_1'...
INFO: [USF-XSim-97] Finding global include files...
INFO: [USF-XSim-98] Fetching design files from 'sim_1'...
INFO: [USF-XSim-2] XSim::Compile design
INFO: [USF-XSim-61] Executing 'COMPILE and ANALYZE' step in 'C:/LogicLabProjects/Project2/project_1/project_1.sim/sim_1/behav/xsim'
"xvlog --incr --relax -prj BCDsim_vlog.prj"
INFO: [VRFC 10-2263] Analyzing Verilog file "C:/LogicLabProjects/Project2/project_1/project_1.srcs/sources_1/new/BCDto7Segment.v" into library xil_defaultlib
INFO: [VRFC 10-311] analyzing module BCDto7Segment
INFO: [VRFC 10-2263] Analyzing Verilog file "C:/LogicLabProjects/Project2/project_1/project_1.srcs/sim_1/new/BCDsim.v" into library xil_defaultlib
INFO: [VRFC 10-311] analyzing module BCDsim
WARNING: [VRFC 10-986] literal value truncated to fit in 3 bits [C:/LogicLabProjects/Project2/project_1/project_1.srcs/sim_1/new/BCDsim.v:48]
WARNING: [VRFC 10-986] literal value truncated to fit in 3 bits [C:/LogicLabProjects/Project2/project_1/project_1.srcs/sim_1/new/BCDsim.v:49]
WARNING: [VRFC 10-986] literal value truncated to fit in 3 bits [C:/LogicLabProjects/Project2/project_1/project_1.srcs/sim_1/new/BCDsim.v:50]
WARNING: [VRFC 10-986] literal value truncated to fit in 3 bits [C:/LogicLabProjects/Project2/project_1/project_1.srcs/sim_1/new/BCDsim.v:51]
WARNING: [VRFC 10-986] literal value truncated to fit in 3 bits [C:/LogicLabProjects/Project2/project_1/project_1.srcs/sim_1/new/BCDsim.v:52]
WARNING: [VRFC 10-986] literal value truncated to fit in 3 bits [C:/LogicLabProjects/Project2/project_1/project_1.srcs/sim_1/new/BCDsim.v:53]
WARNING: [VRFC 10-986] literal value truncated to fit in 3 bits [C:/LogicLabProjects/Project2/project_1/project_1.srcs/sim_1/new/BCDsim.v:54]
INFO: [USF-XSim-69] 'compile' step finished in '1' seconds
INFO: [USF-XSim-3] XSim::Elaborate design
INFO: [USF-XSim-61] Executing 'ELABORATE' step in 'C:/LogicLabProjects/Project2/project_1/project_1.sim/sim_1/behav/xsim'
Vivado Simulator 2017.4
Copyright 1986-1999, 2001-2016 Xilinx, Inc. All Rights Reserved.
Running: C:/Xilinx/Vivado/2017.4/bin/unwrapped/win64.o/xelab.exe -wto f964f4c72bd0407d9c11f4135e0e487e --incr --debug typical --relax --mt 2 -L xil_defaultlib -L unisims_ver -L unimacro_ver -L secureip --snapshot BCDsim_behav xil_defaultlib.BCDsim xil_defaultlib.glbl -log elaborate.log 
Using 2 slave threads.
Starting static elaboration
Completed static elaboration
Starting simulation data flow analysis
Completed simulation data flow analysis
Time Resolution for simulation is 1ps
Compiling module xil_defaultlib.BCDto7Segment
Compiling module xil_defaultlib.BCDsim
Compiling module xil_defaultlib.glbl
Built simulation snapshot BCDsim_behav
INFO: [USF-XSim-69] 'elaborate' step finished in '1' seconds
INFO: [USF-XSim-4] XSim::Simulate design
INFO: [USF-XSim-61] Executing 'SIMULATE' step in 'C:/LogicLabProjects/Project2/project_1/project_1.sim/sim_1/behav/xsim'
INFO: [USF-XSim-98] *** Running xsim
   with args "BCDsim_behav -key {Behavioral:sim_1:Functional:BCDsim} -tclbatch {BCDsim.tcl} -log {simulate.log}"
INFO: [USF-XSim-8] Loading simulator feature
Vivado Simulator 2017.4
Time resolution is 1 ps
source BCDsim.tcl
# set curr_wave [current_wave_config]
# if { [string length $curr_wave] == 0 } {
#   if { [llength [get_objects]] > 0} {
#     add_wave /
#     set_property needs_save false [current_wave_config]
#   } else {
#      send_msg_id Add_Wave-1 WARNING "No top level signals found. Simulator will start without a wave window. If you want to open a wave window go to 'File->New Waveform Configuration' or type 'create_wave_config' in the TCL console."
#   }
# }
# run 1000ns
$finish called at time : 450 ns : File "C:/LogicLabProjects/Project2/project_1/project_1.srcs/sim_1/new/BCDsim.v" Line 56
INFO: [USF-XSim-96] XSim completed. Design snapshot 'BCDsim_behav' loaded.
INFO: [USF-XSim-97] XSim simulation ran for 1000ns
close_sim
INFO: [Simtcl 6-16] Simulation closed
launch_simulation
INFO: [Vivado 12-5682] Launching behavioral simulation in 'C:/LogicLabProjects/Project2/project_1/project_1.sim/sim_1/behav/xsim'
INFO: [SIM-utils-51] Simulation object is 'sim_1'
INFO: [SIM-utils-54] Inspecting design source files for 'BCDsim' in fileset 'sim_1'...
INFO: [USF-XSim-97] Finding global include files...
INFO: [USF-XSim-98] Fetching design files from 'sim_1'...
INFO: [USF-XSim-2] XSim::Compile design
INFO: [USF-XSim-61] Executing 'COMPILE and ANALYZE' step in 'C:/LogicLabProjects/Project2/project_1/project_1.sim/sim_1/behav/xsim'
"xvlog --incr --relax -prj BCDsim_vlog.prj"
INFO: [VRFC 10-2263] Analyzing Verilog file "C:/LogicLabProjects/Project2/project_1/project_1.srcs/sources_1/new/BCDto7Segment.v" into library xil_defaultlib
INFO: [VRFC 10-311] analyzing module BCDto7Segment
INFO: [VRFC 10-2263] Analyzing Verilog file "C:/LogicLabProjects/Project2/project_1/project_1.srcs/sim_1/new/BCDsim.v" into library xil_defaultlib
INFO: [VRFC 10-311] analyzing module BCDsim
INFO: [USF-XSim-69] 'compile' step finished in '1' seconds
INFO: [USF-XSim-3] XSim::Elaborate design
INFO: [USF-XSim-61] Executing 'ELABORATE' step in 'C:/LogicLabProjects/Project2/project_1/project_1.sim/sim_1/behav/xsim'
Vivado Simulator 2017.4
Copyright 1986-1999, 2001-2016 Xilinx, Inc. All Rights Reserved.
Running: C:/Xilinx/Vivado/2017.4/bin/unwrapped/win64.o/xelab.exe -wto f964f4c72bd0407d9c11f4135e0e487e --incr --debug typical --relax --mt 2 -L xil_defaultlib -L unisims_ver -L unimacro_ver -L secureip --snapshot BCDsim_behav xil_defaultlib.BCDsim xil_defaultlib.glbl -log elaborate.log 
Using 2 slave threads.
Starting static elaboration
Completed static elaboration
Starting simulation data flow analysis
Completed simulation data flow analysis
Time Resolution for simulation is 1ps
Compiling module xil_defaultlib.BCDto7Segment
Compiling module xil_defaultlib.BCDsim
Compiling module xil_defaultlib.glbl
Built simulation snapshot BCDsim_behav
INFO: [USF-XSim-69] 'elaborate' step finished in '1' seconds
INFO: [USF-XSim-4] XSim::Simulate design
INFO: [USF-XSim-61] Executing 'SIMULATE' step in 'C:/LogicLabProjects/Project2/project_1/project_1.sim/sim_1/behav/xsim'
INFO: [USF-XSim-98] *** Running xsim
   with args "BCDsim_behav -key {Behavioral:sim_1:Functional:BCDsim} -tclbatch {BCDsim.tcl} -log {simulate.log}"
INFO: [USF-XSim-8] Loading simulator feature
Vivado Simulator 2017.4
Time resolution is 1 ps
source BCDsim.tcl
# set curr_wave [current_wave_config]
# if { [string length $curr_wave] == 0 } {
#   if { [llength [get_objects]] > 0} {
#     add_wave /
#     set_property needs_save false [current_wave_config]
#   } else {
#      send_msg_id Add_Wave-1 WARNING "No top level signals found. Simulator will start without a wave window. If you want to open a wave window go to 'File->New Waveform Configuration' or type 'create_wave_config' in the TCL console."
#   }
# }
# run 1000ns
$finish called at time : 450 ns : File "C:/LogicLabProjects/Project2/project_1/project_1.srcs/sim_1/new/BCDsim.v" Line 56
INFO: [USF-XSim-96] XSim completed. Design snapshot 'BCDsim_behav' loaded.
INFO: [USF-XSim-97] XSim simulation ran for 1000ns
close_sim
INFO: [Simtcl 6-16] Simulation closed
set_property top mutex8to1 [current_fileset]
update_compile_order -fileset sources_1
set_property top mutexsim [get_filesets sim_1]
set_property top_lib xil_defaultlib [get_filesets sim_1]
update_compile_order -fileset sim_1
launch_simulation
INFO: [Vivado 12-5682] Launching behavioral simulation in 'C:/LogicLabProjects/Project2/project_1/project_1.sim/sim_1/behav/xsim'
INFO: [SIM-utils-51] Simulation object is 'sim_1'
INFO: [SIM-utils-54] Inspecting design source files for 'mutexsim' in fileset 'sim_1'...
INFO: [USF-XSim-97] Finding global include files...
INFO: [USF-XSim-98] Fetching design files from 'sim_1'...
INFO: [USF-XSim-2] XSim::Compile design
INFO: [USF-XSim-61] Executing 'COMPILE and ANALYZE' step in 'C:/LogicLabProjects/Project2/project_1/project_1.sim/sim_1/behav/xsim'
"xvlog --incr --relax -prj mutexsim_vlog.prj"
INFO: [USF-XSim-69] 'compile' step finished in '1' seconds
INFO: [USF-XSim-3] XSim::Elaborate design
INFO: [USF-XSim-61] Executing 'ELABORATE' step in 'C:/LogicLabProjects/Project2/project_1/project_1.sim/sim_1/behav/xsim'
Vivado Simulator 2017.4
Copyright 1986-1999, 2001-2016 Xilinx, Inc. All Rights Reserved.
Running: C:/Xilinx/Vivado/2017.4/bin/unwrapped/win64.o/xelab.exe -wto f964f4c72bd0407d9c11f4135e0e487e --incr --debug typical --relax --mt 2 -L xil_defaultlib -L unisims_ver -L unimacro_ver -L secureip --snapshot mutexsim_behav xil_defaultlib.mutexsim xil_defaultlib.glbl -log elaborate.log 
Using 2 slave threads.
Starting static elaboration
ERROR: [VRFC 10-426] cannot find port OUT on this module [C:/LogicLabProjects/Project2/project_1/project_1.srcs/sim_1/new/mutexsim.v:33]
ERROR: [VRFC 10-426] cannot find port I on this module [C:/LogicLabProjects/Project2/project_1/project_1.srcs/sim_1/new/mutexsim.v:31]
ERROR: [XSIM 43-3322] Static elaboration of top level Verilog design unit(s) in library work failed.
INFO: [USF-XSim-69] 'elaborate' step finished in '1' seconds
INFO: [USF-XSim-99] Step results log file:'C:/LogicLabProjects/Project2/project_1/project_1.sim/sim_1/behav/xsim/elaborate.log'
ERROR: [USF-XSim-62] 'elaborate' step failed with error(s). Please check the Tcl console output or 'C:/LogicLabProjects/Project2/project_1/project_1.sim/sim_1/behav/xsim/elaborate.log' file for more information.
ERROR: [Vivado 12-4473] Detected error while running simulation. Please correct the issue and retry this operation.
ERROR: [Common 17-39] 'launch_simulation' failed due to earlier errors.
launch_simulation
INFO: [Vivado 12-5682] Launching behavioral simulation in 'C:/LogicLabProjects/Project2/project_1/project_1.sim/sim_1/behav/xsim'
INFO: [SIM-utils-51] Simulation object is 'sim_1'
INFO: [SIM-utils-54] Inspecting design source files for 'mutexsim' in fileset 'sim_1'...
INFO: [USF-XSim-97] Finding global include files...
INFO: [USF-XSim-98] Fetching design files from 'sim_1'...
INFO: [USF-XSim-2] XSim::Compile design
INFO: [USF-XSim-61] Executing 'COMPILE and ANALYZE' step in 'C:/LogicLabProjects/Project2/project_1/project_1.sim/sim_1/behav/xsim'
"xvlog --incr --relax -prj mutexsim_vlog.prj"
INFO: [VRFC 10-2263] Analyzing Verilog file "C:/LogicLabProjects/Project2/project_1/project_1.srcs/sources_1/new/mutex8to1.v" into library xil_defaultlib
INFO: [VRFC 10-311] analyzing module mutex8to1
INFO: [VRFC 10-2263] Analyzing Verilog file "C:/LogicLabProjects/Project2/project_1/project_1.srcs/sim_1/new/mutexsim.v" into library xil_defaultlib
INFO: [VRFC 10-311] analyzing module mutexsim
INFO: [USF-XSim-69] 'compile' step finished in '1' seconds
INFO: [USF-XSim-3] XSim::Elaborate design
INFO: [USF-XSim-61] Executing 'ELABORATE' step in 'C:/LogicLabProjects/Project2/project_1/project_1.sim/sim_1/behav/xsim'
Vivado Simulator 2017.4
Copyright 1986-1999, 2001-2016 Xilinx, Inc. All Rights Reserved.
Running: C:/Xilinx/Vivado/2017.4/bin/unwrapped/win64.o/xelab.exe -wto f964f4c72bd0407d9c11f4135e0e487e --incr --debug typical --relax --mt 2 -L xil_defaultlib -L unisims_ver -L unimacro_ver -L secureip --snapshot mutexsim_behav xil_defaultlib.mutexsim xil_defaultlib.glbl -log elaborate.log 
Using 2 slave threads.
Starting static elaboration
Completed static elaboration
Starting simulation data flow analysis
Completed simulation data flow analysis
Time Resolution for simulation is 1ps
Compiling module xil_defaultlib.mutex8to1
Compiling module xil_defaultlib.mutexsim
Compiling module xil_defaultlib.glbl
Built simulation snapshot mutexsim_behav

****** Webtalk v2017.4 (64-bit)
  **** SW Build 2086221 on Fri Dec 15 20:55:39 MST 2017
  **** IP Build 2085800 on Fri Dec 15 22:25:07 MST 2017
    ** Copyright 1986-2017 Xilinx, Inc. All Rights Reserved.

source C:/LogicLabProjects/Project2/project_1/project_1.sim/sim_1/behav/xsim/xsim.dir/mutexsim_behav/webtalk/xsim_webtalk.tcl -notrace
INFO: [Common 17-206] Exiting Webtalk at Sat Mar  7 01:36:58 2026...
INFO: [USF-XSim-69] 'elaborate' step finished in '3' seconds
INFO: [USF-XSim-4] XSim::Simulate design
INFO: [USF-XSim-61] Executing 'SIMULATE' step in 'C:/LogicLabProjects/Project2/project_1/project_1.sim/sim_1/behav/xsim'
INFO: [USF-XSim-98] *** Running xsim
   with args "mutexsim_behav -key {Behavioral:sim_1:Functional:mutexsim} -tclbatch {mutexsim.tcl} -log {simulate.log}"
INFO: [USF-XSim-8] Loading simulator feature
Vivado Simulator 2017.4
Time resolution is 1 ps
source mutexsim.tcl
# set curr_wave [current_wave_config]
# if { [string length $curr_wave] == 0 } {
#   if { [llength [get_objects]] > 0} {
#     add_wave /
#     set_property needs_save false [current_wave_config]
#   } else {
#      send_msg_id Add_Wave-1 WARNING "No top level signals found. Simulator will start without a wave window. If you want to open a wave window go to 'File->New Waveform Configuration' or type 'create_wave_config' in the TCL console."
#   }
# }
# run 1000ns
$finish called at time : 800 ns : File "C:/LogicLabProjects/Project2/project_1/project_1.srcs/sim_1/new/mutexsim.v" Line 45
INFO: [USF-XSim-96] XSim completed. Design snapshot 'mutexsim_behav' loaded.
INFO: [USF-XSim-97] XSim simulation ran for 1000ns
launch_simulation: Time (s): cpu = 00:00:01 ; elapsed = 00:00:05 . Memory (MB): peak = 1303.668 ; gain = 0.000
close_sim
INFO: [Simtcl 6-16] Simulation closed
exit
INFO: [Common 17-206] Exiting Vivado at Sat Mar  7 03:08:44 2026...
