#-----------------------------------------------------------
# Vivado v2017.4 (64-bit)
# SW Build 2086221 on Fri Dec 15 20:55:39 MST 2017
# IP Build 2085800 on Fri Dec 15 22:25:07 MST 2017
# Start of session at: Mon Mar  2 12:39:00 2026
# Process ID: 17044
# Current directory: C:/LogicLabProjects/Project2/project_1
# Command line: vivado.exe -gui_launcher_event rodinguilauncherevent29468 C:\LogicLabProjects\Project2\project_1\project_1.xpr
# Log file: C:/LogicLabProjects/Project2/project_1/vivado.log
# Journal file: C:/LogicLabProjects/Project2/project_1\vivado.jou
#-----------------------------------------------------------
start_gui
open_project C:/LogicLabProjects/Project2/project_1/project_1.xpr
Scanning sources...
Finished scanning sources
INFO: [IP_Flow 19-234] Refreshing IP repositories
INFO: [IP_Flow 19-1704] No user IP repositories specified
INFO: [IP_Flow 19-2313] Loaded Vivado IP repository 'C:/Xilinx/Vivado/2017.4/data/ip'.
update_compile_order -fileset sources_1
synth_design -rtl -name rtl_1
Command: synth_design -rtl -name rtl_1
Starting synth_design
Using part: xc7a35ticpg236-1L
Top: advanced_circuits
---------------------------------------------------------------------------------
Starting RTL Elaboration : Time (s): cpu = 00:00:03 ; elapsed = 00:00:03 . Memory (MB): peak = 941.074 ; gain = 106.984
---------------------------------------------------------------------------------
INFO: [Synth 8-638] synthesizing module 'advanced_circuits' [C:/LogicLabProjects/Project2/project_1/project_1.srcs/sources_1/new/advancedd_circuits.v:23]
INFO: [Synth 8-638] synthesizing module 'decoder' [C:/LogicLabProjects/Project2/project_1/project_1.srcs/sources_1/new/decoder.v:23]
INFO: [Synth 8-256] done synthesizing module 'decoder' (1#1) [C:/LogicLabProjects/Project2/project_1/project_1.srcs/sources_1/new/decoder.v:23]
INFO: [Synth 8-638] synthesizing module 'BCDto7Segment' [C:/LogicLabProjects/Project2/project_1/project_1.srcs/sources_1/new/BCDto7Segment.v:23]
INFO: [Synth 8-256] done synthesizing module 'BCDto7Segment' (2#1) [C:/LogicLabProjects/Project2/project_1/project_1.srcs/sources_1/new/BCDto7Segment.v:23]
INFO: [Synth 8-638] synthesizing module 'mutex8to1' [C:/LogicLabProjects/Project2/project_1/project_1.srcs/sources_1/new/mutex8to1.v:23]
INFO: [Synth 8-256] done synthesizing module 'mutex8to1' (3#1) [C:/LogicLabProjects/Project2/project_1/project_1.srcs/sources_1/new/mutex8to1.v:23]
INFO: [Synth 8-256] done synthesizing module 'advanced_circuits' (4#1) [C:/LogicLabProjects/Project2/project_1/project_1.srcs/sources_1/new/advancedd_circuits.v:23]
WARNING: [Synth 8-3917] design advanced_circuits has port an[3] driven by constant 1
WARNING: [Synth 8-3917] design advanced_circuits has port an[2] driven by constant 1
WARNING: [Synth 8-3917] design advanced_circuits has port an[1] driven by constant 1
---------------------------------------------------------------------------------
Finished RTL Elaboration : Time (s): cpu = 00:00:04 ; elapsed = 00:00:04 . Memory (MB): peak = 979.270 ; gain = 145.180
---------------------------------------------------------------------------------

Report Check Netlist: 
+------+------------------+-------+---------+-------+------------------+
|      |Item              |Errors |Warnings |Status |Description       |
+------+------------------+-------+---------+-------+------------------+
|1     |multi_driven_nets |      0|        0|Passed |Multi driven nets |
+------+------------------+-------+---------+-------+------------------+
---------------------------------------------------------------------------------
Finished RTL Optimization Phase 1 : Time (s): cpu = 00:00:04 ; elapsed = 00:00:04 . Memory (MB): peak = 979.270 ; gain = 145.180
---------------------------------------------------------------------------------
INFO: [Device 21-403] Loading part xc7a35ticpg236-1L
INFO: [Project 1-570] Preparing netlist for logic optimization
INFO: [Opt 31-141] Inserted 5 OBUFs to IO ports without IO buffers.

Processing XDC Constraints
Initializing timing engine
Parsing XDC File [C:/LogicLabProjects/Project2/project_1/project_1.srcs/constrs_1/new/constraints.xdc]
Finished Parsing XDC File [C:/LogicLabProjects/Project2/project_1/project_1.srcs/constrs_1/new/constraints.xdc]
Completed Processing XDC Constraints

INFO: [Opt 31-138] Pushed 0 inverter(s) to 0 load pin(s).
INFO: [Project 1-111] Unisim Transformation Summary:
No Unisim elements were transformed.

RTL Elaboration Complete:  : Time (s): cpu = 00:00:12 ; elapsed = 00:00:10 . Memory (MB): peak = 1339.871 ; gain = 505.781
13 Infos, 3 Warnings, 0 Critical Warnings and 0 Errors encountered.
synth_design completed successfully
synth_design: Time (s): cpu = 00:00:12 ; elapsed = 00:00:10 . Memory (MB): peak = 1339.871 ; gain = 505.781
close_design
reset_run synth_1
launch_runs impl_1 -to_step write_bitstream -jobs 10
[Mon Mar  2 12:46:54 2026] Launched synth_1...
Run output will be captured here: C:/LogicLabProjects/Project2/project_1/project_1.runs/synth_1/runme.log
[Mon Mar  2 12:46:54 2026] Launched impl_1...
Run output will be captured here: C:/LogicLabProjects/Project2/project_1/project_1.runs/impl_1/runme.log
open_run impl_1
INFO: [Netlist 29-17] Analyzing 12 Unisim elements for replacement
INFO: [Netlist 29-28] Unisim Transformation completed in 0 CPU seconds
INFO: [Project 1-479] Netlist was created with Vivado 2017.4
INFO: [Project 1-570] Preparing netlist for logic optimization
Parsing XDC File [C:/LogicLabProjects/Project2/project_1/.Xil/Vivado-17044-husey/dcp0/advanced_circuits.xdc]
Finished Parsing XDC File [C:/LogicLabProjects/Project2/project_1/.Xil/Vivado-17044-husey/dcp0/advanced_circuits.xdc]
Reading XDEF placement.
Reading placer database...
Reading XDEF routing.
Read XDEF File: Time (s): cpu = 00:00:01 ; elapsed = 00:00:00.018 . Memory (MB): peak = 1339.871 ; gain = 0.000
Restored from archive | CPU: 1.000000 secs | Memory: 0.000000 MB |
Finished XDEF File Restore: Time (s): cpu = 00:00:01 ; elapsed = 00:00:00.018 . Memory (MB): peak = 1339.871 ; gain = 0.000
INFO: [Project 1-111] Unisim Transformation Summary:
No Unisim elements were transformed.

WARNING: [Timing 38-313] There are no user specified timing constraints. Timing constraints are needed for proper timing analysis.
reset_run synth_1
launch_runs impl_1 -to_step write_bitstream -jobs 10
[Mon Mar  2 12:52:19 2026] Launched synth_1...
Run output will be captured here: C:/LogicLabProjects/Project2/project_1/project_1.runs/synth_1/runme.log
[Mon Mar  2 12:52:19 2026] Launched impl_1...
Run output will be captured here: C:/LogicLabProjects/Project2/project_1/project_1.runs/impl_1/runme.log
open_hw
close_hw
close_design
reset_run impl_1 -prev_step 
launch_runs impl_1 -to_step write_bitstream -jobs 10
[Mon Mar  2 12:58:20 2026] Launched impl_1...
Run output will be captured here: C:/LogicLabProjects/Project2/project_1/project_1.runs/impl_1/runme.log
synth_design -rtl -name rtl_1
Command: synth_design -rtl -name rtl_1
Starting synth_design
Using part: xc7a35ticpg236-1L
Top: advanced_circuits
---------------------------------------------------------------------------------
Starting RTL Elaboration : Time (s): cpu = 00:00:02 ; elapsed = 00:00:03 . Memory (MB): peak = 1799.969 ; gain = 0.000
---------------------------------------------------------------------------------
INFO: [Synth 8-638] synthesizing module 'advanced_circuits' [C:/LogicLabProjects/Project2/project_1/project_1.srcs/sources_1/new/advancedd_circuits.v:23]
INFO: [Synth 8-638] synthesizing module 'decoder' [C:/LogicLabProjects/Project2/project_1/project_1.srcs/sources_1/new/decoder.v:23]
INFO: [Synth 8-256] done synthesizing module 'decoder' (1#1) [C:/LogicLabProjects/Project2/project_1/project_1.srcs/sources_1/new/decoder.v:23]
INFO: [Synth 8-638] synthesizing module 'BCDto7Segment' [C:/LogicLabProjects/Project2/project_1/project_1.srcs/sources_1/new/BCDto7Segment.v:23]
INFO: [Synth 8-256] done synthesizing module 'BCDto7Segment' (2#1) [C:/LogicLabProjects/Project2/project_1/project_1.srcs/sources_1/new/BCDto7Segment.v:23]
INFO: [Synth 8-638] synthesizing module 'mutex8to1' [C:/LogicLabProjects/Project2/project_1/project_1.srcs/sources_1/new/mutex8to1.v:23]
INFO: [Synth 8-256] done synthesizing module 'mutex8to1' (3#1) [C:/LogicLabProjects/Project2/project_1/project_1.srcs/sources_1/new/mutex8to1.v:23]
INFO: [Synth 8-256] done synthesizing module 'advanced_circuits' (4#1) [C:/LogicLabProjects/Project2/project_1/project_1.srcs/sources_1/new/advancedd_circuits.v:23]
WARNING: [Synth 8-3917] design advanced_circuits has port an[3] driven by constant 1
WARNING: [Synth 8-3917] design advanced_circuits has port an[2] driven by constant 1
WARNING: [Synth 8-3917] design advanced_circuits has port an[1] driven by constant 1
---------------------------------------------------------------------------------
Finished RTL Elaboration : Time (s): cpu = 00:00:03 ; elapsed = 00:00:03 . Memory (MB): peak = 1799.969 ; gain = 0.000
---------------------------------------------------------------------------------

Report Check Netlist: 
+------+------------------+-------+---------+-------+------------------+
|      |Item              |Errors |Warnings |Status |Description       |
+------+------------------+-------+---------+-------+------------------+
|1     |multi_driven_nets |      0|        0|Passed |Multi driven nets |
+------+------------------+-------+---------+-------+------------------+
---------------------------------------------------------------------------------
Finished RTL Optimization Phase 1 : Time (s): cpu = 00:00:03 ; elapsed = 00:00:03 . Memory (MB): peak = 1799.969 ; gain = 0.000
---------------------------------------------------------------------------------
INFO: [Project 1-570] Preparing netlist for logic optimization
INFO: [Opt 31-141] Inserted 5 OBUFs to IO ports without IO buffers.

Processing XDC Constraints
Initializing timing engine
Parsing XDC File [C:/LogicLabProjects/Project2/project_1/project_1.srcs/constrs_1/new/constraints.xdc]
Finished Parsing XDC File [C:/LogicLabProjects/Project2/project_1/project_1.srcs/constrs_1/new/constraints.xdc]
Completed Processing XDC Constraints

INFO: [Opt 31-138] Pushed 0 inverter(s) to 0 load pin(s).
INFO: [Project 1-111] Unisim Transformation Summary:
No Unisim elements were transformed.

RTL Elaboration Complete:  : Time (s): cpu = 00:00:05 ; elapsed = 00:00:04 . Memory (MB): peak = 1837.949 ; gain = 37.980
12 Infos, 3 Warnings, 0 Critical Warnings and 0 Errors encountered.
synth_design completed successfully
launch_simulation
INFO: [Vivado 12-5682] Launching behavioral simulation in 'C:/LogicLabProjects/Project2/project_1/project_1.sim/sim_1/behav/xsim'
INFO: [SIM-utils-51] Simulation object is 'sim_1'
INFO: [SIM-utils-54] Inspecting design source files for 'advancedsim' in fileset 'sim_1'...
INFO: [USF-XSim-97] Finding global include files...
INFO: [USF-XSim-98] Fetching design files from 'sim_1'...
INFO: [USF-XSim-2] XSim::Compile design
INFO: [USF-XSim-61] Executing 'COMPILE and ANALYZE' step in 'C:/LogicLabProjects/Project2/project_1/project_1.sim/sim_1/behav/xsim'
"xvlog --incr --relax -prj advancedsim_vlog.prj"
INFO: [VRFC 10-2263] Analyzing Verilog file "C:/LogicLabProjects/Project2/project_1/project_1.srcs/sources_1/new/BCDto7Segment.v" into library xil_defaultlib
INFO: [VRFC 10-311] analyzing module BCDto7Segment
INFO: [VRFC 10-2263] Analyzing Verilog file "C:/LogicLabProjects/Project2/project_1/project_1.srcs/sources_1/new/advancedd_circuits.v" into library xil_defaultlib
INFO: [VRFC 10-311] analyzing module advanced_circuits
INFO: [VRFC 10-2263] Analyzing Verilog file "C:/LogicLabProjects/Project2/project_1/project_1.srcs/sources_1/new/decoder.v" into library xil_defaultlib
INFO: [VRFC 10-311] analyzing module decoder
INFO: [VRFC 10-2263] Analyzing Verilog file "C:/LogicLabProjects/Project2/project_1/project_1.srcs/sources_1/new/mutex8to1.v" into library xil_defaultlib
INFO: [VRFC 10-311] analyzing module mutex8to1
INFO: [VRFC 10-2263] Analyzing Verilog file "C:/LogicLabProjects/Project2/project_1/project_1.srcs/sim_1/new/advancedsim.v" into library xil_defaultlib
INFO: [VRFC 10-311] analyzing module advancedsim
INFO: [USF-XSim-69] 'compile' step finished in '1' seconds
INFO: [USF-XSim-3] XSim::Elaborate design
INFO: [USF-XSim-61] Executing 'ELABORATE' step in 'C:/LogicLabProjects/Project2/project_1/project_1.sim/sim_1/behav/xsim'
Vivado Simulator 2017.4
Copyright 1986-1999, 2001-2016 Xilinx, Inc. All Rights Reserved.
Running: C:/Xilinx/Vivado/2017.4/bin/unwrapped/win64.o/xelab.exe -wto f964f4c72bd0407d9c11f4135e0e487e --incr --debug typical --relax --mt 2 -L xil_defaultlib -L unisims_ver -L unimacro_ver -L secureip --snapshot advancedsim_behav xil_defaultlib.advancedsim xil_defaultlib.glbl -log elaborate.log 
Using 2 slave threads.
Starting static elaboration
Completed static elaboration
Starting simulation data flow analysis
Completed simulation data flow analysis
Time Resolution for simulation is 1ps
Compiling module xil_defaultlib.decoder
Compiling module xil_defaultlib.BCDto7Segment
Compiling module xil_defaultlib.mutex8to1
Compiling module xil_defaultlib.advanced_circuits
Compiling module xil_defaultlib.advancedsim
Compiling module xil_defaultlib.glbl
Built simulation snapshot advancedsim_behav
INFO: [USF-XSim-69] 'elaborate' step finished in '3' seconds
INFO: [USF-XSim-4] XSim::Simulate design
INFO: [USF-XSim-61] Executing 'SIMULATE' step in 'C:/LogicLabProjects/Project2/project_1/project_1.sim/sim_1/behav/xsim'
INFO: [USF-XSim-98] *** Running xsim
   with args "advancedsim_behav -key {Behavioral:sim_1:Functional:advancedsim} -tclbatch {advancedsim.tcl} -log {simulate.log}"
INFO: [USF-XSim-8] Loading simulator feature
Vivado Simulator 2017.4
Time resolution is 1 ps
source advancedsim.tcl
# set curr_wave [current_wave_config]
# if { [string length $curr_wave] == 0 } {
#   if { [llength [get_objects]] > 0} {
#     add_wave /
#     set_property needs_save false [current_wave_config]
#   } else {
#      send_msg_id Add_Wave-1 WARNING "No top level signals found. Simulator will start without a wave window. If you want to open a wave window go to 'File->New Waveform Configuration' or type 'create_wave_config' in the TCL console."
#   }
# }
# run 1000ns
Simulasyon bitti, dalga formlarini (waves) kontrol et.
$finish called at time : 150 ns : File "C:/LogicLabProjects/Project2/project_1/project_1.srcs/sim_1/new/advancedsim.v" Line 63
INFO: [USF-XSim-96] XSim completed. Design snapshot 'advancedsim_behav' loaded.
INFO: [USF-XSim-97] XSim simulation ran for 1000ns
launch_simulation: Time (s): cpu = 00:00:02 ; elapsed = 00:00:07 . Memory (MB): peak = 1863.332 ; gain = 25.383
close_sim
INFO: [Simtcl 6-16] Simulation closed
refresh_design
---------------------------------------------------------------------------------
Starting RTL Elaboration : Time (s): cpu = 00:00:03 ; elapsed = 00:00:03 . Memory (MB): peak = 1865.480 ; gain = 0.000
---------------------------------------------------------------------------------
INFO: [Synth 8-638] synthesizing module 'advanced_circuits' [C:/LogicLabProjects/Project2/project_1/project_1.srcs/sources_1/new/advancedd_circuits.v:23]
INFO: [Synth 8-638] synthesizing module 'decoder' [C:/LogicLabProjects/Project2/project_1/project_1.srcs/sources_1/new/decoder.v:23]
INFO: [Synth 8-256] done synthesizing module 'decoder' (1#1) [C:/LogicLabProjects/Project2/project_1/project_1.srcs/sources_1/new/decoder.v:23]
INFO: [Synth 8-638] synthesizing module 'BCDto7Segment' [C:/LogicLabProjects/Project2/project_1/project_1.srcs/sources_1/new/BCDto7Segment.v:23]
INFO: [Synth 8-256] done synthesizing module 'BCDto7Segment' (2#1) [C:/LogicLabProjects/Project2/project_1/project_1.srcs/sources_1/new/BCDto7Segment.v:23]
INFO: [Synth 8-638] synthesizing module 'mutex8to1' [C:/LogicLabProjects/Project2/project_1/project_1.srcs/sources_1/new/mutex8to1.v:23]
INFO: [Synth 8-256] done synthesizing module 'mutex8to1' (3#1) [C:/LogicLabProjects/Project2/project_1/project_1.srcs/sources_1/new/mutex8to1.v:23]
INFO: [Synth 8-256] done synthesizing module 'advanced_circuits' (4#1) [C:/LogicLabProjects/Project2/project_1/project_1.srcs/sources_1/new/advancedd_circuits.v:23]
WARNING: [Synth 8-3917] design advanced_circuits has port an[3] driven by constant 1
WARNING: [Synth 8-3917] design advanced_circuits has port an[2] driven by constant 1
WARNING: [Synth 8-3917] design advanced_circuits has port an[1] driven by constant 1
---------------------------------------------------------------------------------
Finished RTL Elaboration : Time (s): cpu = 00:00:03 ; elapsed = 00:00:03 . Memory (MB): peak = 1883.336 ; gain = 17.855
---------------------------------------------------------------------------------

Report Check Netlist: 
+------+------------------+-------+---------+-------+------------------+
|      |Item              |Errors |Warnings |Status |Description       |
+------+------------------+-------+---------+-------+------------------+
|1     |multi_driven_nets |      0|        0|Passed |Multi driven nets |
+------+------------------+-------+---------+-------+------------------+
---------------------------------------------------------------------------------
Finished RTL Optimization Phase 1 : Time (s): cpu = 00:00:03 ; elapsed = 00:00:03 . Memory (MB): peak = 1883.336 ; gain = 17.855
---------------------------------------------------------------------------------
INFO: [Project 1-570] Preparing netlist for logic optimization
INFO: [Opt 31-141] Inserted 5 OBUFs to IO ports without IO buffers.

Processing XDC Constraints
Initializing timing engine
Parsing XDC File [C:/LogicLabProjects/Project2/project_1/project_1.srcs/constrs_1/new/constraints.xdc]
Finished Parsing XDC File [C:/LogicLabProjects/Project2/project_1/project_1.srcs/constrs_1/new/constraints.xdc]
Completed Processing XDC Constraints

INFO: [Opt 31-138] Pushed 0 inverter(s) to 0 load pin(s).
refresh_design: Time (s): cpu = 00:00:07 ; elapsed = 00:00:06 . Memory (MB): peak = 1910.070 ; gain = 44.590
close_design
reset_run synth_1
launch_runs impl_1 -to_step write_bitstream -jobs 10
[Mon Mar  2 13:15:54 2026] Launched synth_1...
Run output will be captured here: C:/LogicLabProjects/Project2/project_1/project_1.runs/synth_1/runme.log
[Mon Mar  2 13:15:54 2026] Launched impl_1...
Run output will be captured here: C:/LogicLabProjects/Project2/project_1/project_1.runs/impl_1/runme.log
exit
INFO: [Common 17-206] Exiting Vivado at Mon Mar  2 13:17:33 2026...
